<?xml version="1.0" encoding="UTF-8"?>
<!-- Generated by org.testng.reporters.JUnitXMLReporter -->
<testsuite ignored="0" hostname="DESKTOP-IANG15V" failures="1" tests="2" name="PruebaEnFirefox" time="12.213" errors="0" timestamp="2022-05-27T21:13:17 ART">
  <testcase classname="Edit.EducacionIT04May2022.Laboratorio6" name="buscarPalabra" time="0.089"/>
  <testcase classname="Edit.EducacionIT04May2022.Laboratorio6" name="irAContactanos" time="4.12">
    <failure type="org.openqa.selenium.InvalidArgumentException" message="File not found: C:\addIntegerData.txt
Build info: version: &amp;apos;4.1.4&amp;apos;, revision: &amp;apos;535d840ee2&amp;apos;
System info: host: &amp;apos;DESKTOP-IANG15V&amp;apos;, ip: &amp;apos;192.168.18.11&amp;apos;, os.name: &amp;apos;Windows 10&amp;apos;, os.arch: &amp;apos;amd64&amp;apos;, os.version: &amp;apos;10.0&amp;apos;, java.version: &amp;apos;14.0.1&amp;apos;
Driver info: org.openqa.selenium.firefox.FirefoxDriver
Command: [57a4a8eb-0f91-4194-8f0b-b799ed52955a, sendKeysToElement {id=9577c26d-3f75-4640-a07d-29ab9943e3ee, value=[Ljava.lang.CharSequence;@6345e7b9}]
Capabilities {acceptInsecureCerts: true, browserName: firefox, browserVersion: 100.0, javascriptEnabled: true, moz:accessibilityChecks: false, moz:buildID: 20220428192727, moz:debuggerAddress: localhost:61247, moz:geckodriverVersion: 0.31.0, moz:headless: false, moz:processID: 18104, moz:profile: C:\Users\Usuario\AppData\Lo..., moz:shutdownTimeout: 60000, moz:useNonSpecCompliantPointerOrigin: false, moz:webdriverClick: true, pageLoadStrategy: normal, platform: WINDOWS, platformName: WINDOWS, platformVersion: 10.0, proxy: Proxy(), se:cdp: ws://localhost:61247/devtoo..., se:cdpVersion: 85.0, setWindowRect: true, strictFileInteractability: false, timeouts: {implicit: 0, pageLoad: 300000, script: 30000}, unhandledPromptBehavior: dismiss and notify}
Element: [[FirefoxDriver: firefox on WINDOWS (57a4a8eb-0f91-4194-8f0b-b799ed52955a)] -&amp;gt; id: fileUpload]
Session ID: 57a4a8eb-0f91-4194-8f0b-b799ed52955a">
      <![CDATA[org.openqa.selenium.InvalidArgumentException: File not found: C:\addIntegerData.txt
Build info: version: '4.1.4', revision: '535d840ee2'
System info: host: 'DESKTOP-IANG15V', ip: '192.168.18.11', os.name: 'Windows 10', os.arch: 'amd64', os.version: '10.0', java.version: '14.0.1'
Driver info: org.openqa.selenium.firefox.FirefoxDriver
Command: [57a4a8eb-0f91-4194-8f0b-b799ed52955a, sendKeysToElement {id=9577c26d-3f75-4640-a07d-29ab9943e3ee, value=[Ljava.lang.CharSequence;@6345e7b9}]
Capabilities {acceptInsecureCerts: true, browserName: firefox, browserVersion: 100.0, javascriptEnabled: true, moz:accessibilityChecks: false, moz:buildID: 20220428192727, moz:debuggerAddress: localhost:61247, moz:geckodriverVersion: 0.31.0, moz:headless: false, moz:processID: 18104, moz:profile: C:\Users\Usuario\AppData\Lo..., moz:shutdownTimeout: 60000, moz:useNonSpecCompliantPointerOrigin: false, moz:webdriverClick: true, pageLoadStrategy: normal, platform: WINDOWS, platformName: WINDOWS, platformVersion: 10.0, proxy: Proxy(), se:cdp: ws://localhost:61247/devtoo..., se:cdpVersion: 85.0, setWindowRect: true, strictFileInteractability: false, timeouts: {implicit: 0, pageLoad: 300000, script: 30000}, unhandledPromptBehavior: dismiss and notify}
Element: [[FirefoxDriver: firefox on WINDOWS (57a4a8eb-0f91-4194-8f0b-b799ed52955a)] -> id: fileUpload]
Session ID: 57a4a8eb-0f91-4194-8f0b-b799ed52955a
at org.openqa.selenium.remote.codec.w3c.W3CHttpResponseCodec.createException(W3CHttpResponseCodec.java:200)
at org.openqa.selenium.remote.codec.w3c.W3CHttpResponseCodec.decode(W3CHttpResponseCodec.java:133)
at org.openqa.selenium.remote.codec.w3c.W3CHttpResponseCodec.decode(W3CHttpResponseCodec.java:53)
at org.openqa.selenium.remote.HttpCommandExecutor.execute(HttpCommandExecutor.java:184)
at org.openqa.selenium.remote.service.DriverCommandExecutor.invokeExecute(DriverCommandExecutor.java:167)
at org.openqa.selenium.remote.service.DriverCommandExecutor.execute(DriverCommandExecutor.java:142)
at org.openqa.selenium.remote.RemoteWebDriver.execute(RemoteWebDriver.java:567)
at org.openqa.selenium.remote.RemoteWebElement.execute(RemoteWebElement.java:251)
at org.openqa.selenium.remote.RemoteWebElement.sendKeys(RemoteWebElement.java:107)
at Edit.EducacionIT04May2022.Laboratorio6.irAContactanos(Laboratorio6.java:59)
at java.base/java.util.ArrayList.forEach(ArrayList.java:1510)
... Removed 32 stack frames]]>
    </failure>
  </testcase> <!-- irAContactanos -->
</testsuite> <!-- PruebaEnFirefox -->
